0 silly argv {
0 silly argv   _: [ 'run' ],
0 silly argv   stream: true,
0 silly argv   concurrency: 1,
0 silly argv   '--': [ '--worldAddress' ],
0 silly argv   lernaVersion: '8.0.1',
0 silly argv   '$0': 'node_modules/lerna/dist/cli.js',
0 silly argv   script: 'deploy:local'
0 silly argv }
1 notice cli v8.0.1
2 verbose packageConfigs Package manager "pnpm" detected. Resolving packages using `pnpm-workspace.yaml`.
3 verbose rootPath /Users/f0lks/Documents/GitHub/eve-frontier-game-chain-contracts
4 error Error: The following projects are defined in multiple locations:
4 error - @eve/smart-storage-unit:
4 error   - modules/access-control
4 error   - modules/smart-storage-unit
4 error
4 error To fix this, set a unique name for each project in a project.json inside the project's root. If the project does not currently have a project.json, you can create one that contains only a name.
4 error     at readProjectConfigurationsFromRootMap (/Users/f0lks/Documents/GitHub/eve-frontier-game-chain-contracts/node_modules/.pnpm/nx@17.2.8/node_modules/nx/src/project-graph/utils/project-configuration-utils.js:218:15)
4 error     at /Users/f0lks/Documents/GitHub/eve-frontier-game-chain-contracts/node_modules/.pnpm/nx@17.2.8/node_modules/nx/src/project-graph/utils/project-configuration-utils.js:188:23
4 error     at async createProjectConfigurations (/Users/f0lks/Documents/GitHub/eve-frontier-game-chain-contracts/node_modules/.pnpm/nx@17.2.8/node_modules/nx/src/project-graph/utils/retrieve-workspace-files.js:89:62)
4 error     at async buildProjectGraphAndSourceMapsWithoutDaemon (/Users/f0lks/Documents/GitHub/eve-frontier-game-chain-contracts/node_modules/.pnpm/nx@17.2.8/node_modules/nx/src/project-graph/project-graph.js:71:69)
4 error     at async createProjectGraphAndSourceMapsAsync (/Users/f0lks/Documents/GitHub/eve-frontier-game-chain-contracts/node_modules/.pnpm/nx@17.2.8/node_modules/nx/src/project-graph/project-graph.js:136:25)
4 error     at async createProjectGraphAsync (/Users/f0lks/Documents/GitHub/eve-frontier-game-chain-contracts/node_modules/.pnpm/nx@17.2.8/node_modules/nx/src/project-graph/project-graph.js:125:39)
4 error     at async detectProjects (/Users/f0lks/Documents/GitHub/eve-frontier-game-chain-contracts/node_modules/.pnpm/lerna@8.0.1/node_modules/lerna/dist/index.js:1556:25)
